# JRE version: OpenJDK Runtime Environment Temurin-21.0.10+7 (21.0.10+7) (build 21.0.10+7-LTS)
# Java VM: OpenJDK 64-Bit Server VM Temurin-21.0.10+7 (21.0.10+7-LTS, mixed mode, sharing, tiered, compressed oops, compressed class ptrs, g1 gc, windows-amd64)
GC Precious Log:
 CardTable entry size: 512
 Card Set container configuration: InlinePtr #cards 5 size 8 Array Of Cards #cards 12 size 40 Howl #buckets 4 coarsen threshold 1843 Howl Bitmap #cards 512 size 80 coarsen threshold 460 Card regions per heap region 1 cards per card region 2048
 CPUs: 4 total, 4 available
 Memory: 3915M
 Large Page Support: Disabled
 NUMA Support: Disabled
 Compressed Oops: Enabled (32-bit)
 Heap Region Size: 1M
 Heap Min Capacity: 8M
 Heap Initial Capacity: 62M
 Heap Max Capacity: 2G
 Pre-touch: Disabled
 Parallel Workers: 4
 Concurrent Workers: 1
 Concurrent Refinement Workers: 4
 Periodic GC: Disabled
Heap:
 garbage-first heap   total 368640K, used 231026K [0x0000000080000000, 0x0000000100000000)
  region size 1024K, 10 young (10240K), 10 survivors (10240K)
 Metaspace       used 125418K, committed 128384K, reserved 557056K
  class space    used 17813K, committed 19200K, reserved 425984K
GC Heap History (20 events):
Event: 791.255 GC heap after
{Heap after GC invocations=74 (full 0):
 garbage-first heap   total 368640K, used 149842K [0x0000000080000000, 0x0000000100000000)
  region size 1024K, 3 young (3072K), 3 survivors (3072K)
 Metaspace       used 120880K, committed 123584K, reserved 557056K
  class space    used 17123K, committed 18432K, reserved 425984K
}
Event: 837.031 GC heap before
{Heap before GC invocations=74 (full 0):
 garbage-first heap   total 368640K, used 288082K [0x0000000080000000, 0x0000000100000000)
  region size 1024K, 139 young (142336K), 3 survivors (3072K)
 Metaspace       used 123004K, committed 125824K, reserved 557056K
  class space    used 17473K, committed 18816K, reserved 425984K
}
Event: 837.250 GC heap after
{Heap after GC invocations=75 (full 0):
 garbage-first heap   total 368640K, used 168960K [0x0000000080000000, 0x0000000100000000)
  region size 1024K, 18 young (18432K), 18 survivors (18432K)
 Metaspace       used 123004K, committed 125824K, reserved 557056K
  class space    used 17473K, committed 18816K, reserved 425984K
}
Event: 845.184 GC heap before
{Heap before GC invocations=75 (full 0):
 garbage-first heap   total 368640K, used 257024K [0x0000000080000000, 0x0000000100000000)
  region size 1024K, 105 young (107520K), 18 survivors (18432K)
 Metaspace       used 123005K, committed 125824K, reserved 557056K
  class space    used 17473K, committed 18816K, reserved 425984K
}
Event: 845.329 GC heap after
{Heap after GC invocations=76 (full 0):
 garbage-first heap   total 368640K, used 173568K [0x0000000080000000, 0x0000000100000000)
  region size 1024K, 5 young (5120K), 5 survivors (5120K)
 Metaspace       used 123005K, committed 125824K, reserved 557056K
  class space    used 17473K, committed 18816K, reserved 425984K
}
Event: 856.084 GC heap before
{Heap before GC invocations=76 (full 0):
 garbage-first heap   total 368640K, used 218624K [0x0000000080000000, 0x0000000100000000)
  region size 1024K, 51 young (52224K), 5 survivors (5120K)
 Metaspace       used 123069K, committed 125952K, reserved 557056K
  class space    used 17481K, committed 18880K, reserved 425984K
}
Event: 856.172 GC heap after
{Heap after GC invocations=77 (full 0):
 garbage-first heap   total 368640K, used 175616K [0x0000000080000000, 0x0000000100000000)
  region size 1024K, 7 young (7168K), 7 survivors (7168K)
 Metaspace       used 123069K, committed 125952K, reserved 557056K
  class space    used 17481K, committed 18880K, reserved 425984K
}
Event: 885.633 GC heap before
{Heap before GC invocations=78 (full 0):
 garbage-first heap   total 368640K, used 335359K [0x0000000080000000, 0x0000000100000000)
  region size 1024K, 160 young (163840K), 7 survivors (7168K)
 Metaspace       used 123813K, committed 126720K, reserved 557056K
  class space    used 17585K, committed 18944K, reserved 425984K
}
Event: 885.783 GC heap after
{Heap after GC invocations=79 (full 0):
 garbage-first heap   total 368640K, used 188416K [0x0000000080000000, 0x0000000100000000)
  region size 1024K, 17 young (17408K), 17 survivors (17408K)
 Metaspace       used 123813K, committed 126720K, reserved 557056K
  class space    used 17585K, committed 18944K, reserved 425984K
}
Event: 885.785 GC heap before
{Heap before GC invocations=79 (full 0):
 garbage-first heap   total 368640K, used 189440K [0x0000000080000000, 0x0000000100000000)
  region size 1024K, 18 young (18432K), 17 survivors (17408K)
 Metaspace       used 123813K, committed 126720K, reserved 557056K
  class space    used 17585K, committed 18944K, reserved 425984K
}
Event: 885.891 GC heap after
{Heap after GC invocations=80 (full 0):
 garbage-first heap   total 368640K, used 189774K [0x0000000080000000, 0x0000000100000000)
  region size 1024K, 2 young (2048K), 2 survivors (2048K)
 Metaspace       used 123813K, committed 126720K, reserved 557056K
  class space    used 17585K, committed 18944K, reserved 425984K
}
Event: 894.785 GC heap before
{Heap before GC invocations=80 (full 0):
 garbage-first heap   total 368640K, used 307534K [0x0000000080000000, 0x0000000100000000)
  region size 1024K, 115 young (117760K), 2 survivors (2048K)
 Metaspace       used 124093K, committed 126976K, reserved 557056K
  class space    used 17619K, committed 19008K, reserved 425984K
}
Event: 894.820 GC heap after
{Heap after GC invocations=81 (full 0):
 garbage-first heap   total 368640K, used 205824K [0x0000000080000000, 0x0000000100000000)
  region size 1024K, 14 young (14336K), 14 survivors (14336K)
 Metaspace       used 124093K, committed 126976K, reserved 557056K
  class space    used 17619K, committed 19008K, reserved 425984K
}
Event: 895.027 GC heap before
{Heap before GC invocations=81 (full 0):
 garbage-first heap   total 368640K, used 212992K [0x0000000080000000, 0x0000000100000000)
  region size 1024K, 21 young (21504K), 14 survivors (14336K)
 Metaspace       used 124093K, committed 126976K, reserved 557056K
  class space    used 17619K, committed 19008K, reserved 425984K
}
Event: 895.059 GC heap after
{Heap after GC invocations=82 (full 0):
 garbage-first heap   total 368640K, used 206427K [0x0000000080000000, 0x0000000100000000)
  region size 1024K, 3 young (3072K), 3 survivors (3072K)
 Metaspace       used 124093K, committed 126976K, reserved 557056K
  class space    used 17619K, committed 19008K, reserved 425984K
}
Event: 910.006 GC heap before
{Heap before GC invocations=82 (full 0):
 garbage-first heap   total 368640K, used 337499K [0x0000000080000000, 0x0000000100000000)
  region size 1024K, 128 young (131072K), 3 survivors (3072K)
 Metaspace       used 125292K, committed 128256K, reserved 557056K
  class space    used 17797K, committed 19200K, reserved 425984K
}
Event: 910.070 GC heap after
{Heap after GC invocations=83 (full 0):
 garbage-first heap   total 368640K, used 221875K [0x0000000080000000, 0x0000000100000000)
  region size 1024K, 16 young (16384K), 16 survivors (16384K)
 Metaspace       used 125292K, committed 128256K, reserved 557056K
  class space    used 17797K, committed 19200K, reserved 425984K
}
Event: 914.534 GC heap before
{Heap before GC invocations=83 (full 0):
 garbage-first heap   total 368640K, used 279219K [0x0000000080000000, 0x0000000100000000)
  region size 1024K, 73 young (74752K), 16 survivors (16384K)
 Metaspace       used 125368K, committed 128320K, reserved 557056K
  class space    used 17806K, committed 19200K, reserved 425984K
}
Event: 914.910 GC heap after
{Heap after GC invocations=84 (full 0):
 garbage-first heap   total 368640K, used 225280K [0x0000000080000000, 0x0000000100000000)
  region size 1024K, 6 young (6144K), 6 survivors (6144K)
 Metaspace       used 125368K, committed 128320K, reserved 557056K
  class space    used 17806K, committed 19200K, reserved 425984K
}
Event: 922.220 GC heap before
{Heap before GC invocations=84 (full 0):
 garbage-first heap   total 368640K, used 334848K [0x0000000080000000, 0x0000000100000000)
  region size 1024K, 112 young (114688K), 6 survivors (6144K)
 Metaspace       used 125418K, committed 128384K, reserved 557056K
  class space    used 17813K, committed 19200K, reserved 425984K
}

